[38;5;112m[Appium][0m Welcome to Appium v2.12.1
[38;5;112m[Appium][0m Non-default server args:
[38;5;112m[Appium][0m { basePath: [32m'/wd/hub'[39m, loglevel: [32m'info'[39m, port: [33m49673[39m }
[38;5;112m[Appium][0m Attempting to load driver uiautomator2...
[38;5;112m[Appium][0m Appium REST http interface listener started on http://0.0.0.0:49673/wd/hub
[38;5;112m[Appium][0m You can provide the following URLs in your client code to connect to this server:
	http://192.168.6.239:49673/wd/hub
	http://192.168.56.1:49673/wd/hub
	http://192.168.56.2:49673/wd/hub
	http://127.0.0.1:49673/wd/hub (only accessible from the same host)
[38;5;112m[Appium][0m Available drivers:
[38;5;112m[Appium][0m   - uiautomator2@3.8.1 (automationName 'UiAutomator2')
[38;5;112m[Appium][0m No plugins have been installed. Use the "appium plugin" command to install the one(s) you want to use.
[38;5;86m[HTTP][0m [37m-->[39m [37mGET[39m [37m/wd/hub/status[39m [90m{}[39m
[38;5;86m[HTTP][0m [37m<-- GET /wd/hub/status [39m[32m200[39m [90m7 ms - 111[39m [90m[39m
[38;5;86m[HTTP][0m [37m-->[39m [37mGET[39m [37m/wd/hub/status[39m [90m{}[39m
[38;5;86m[HTTP][0m [37m<-- GET /wd/hub/status [39m[32m200[39m [90m2 ms - 111[39m [90m[39m
[38;5;86m[HTTP][0m [37m-->[39m [37mPOST[39m [37m/wd/hub/session[39m [90m{"desiredCapabilities":{"appium:systemPort":8293,"appium:newCommandTimeout":1800,"appium:appWaitForLaunch":false,"appium:appWaitActivity":"*","appium:automationName":"uiautomator2","appium:platformVersion":"13","appium:deviceId":"192.168.56.108:5555","appium:udid":"192.168.56.108:5555","appium:autoGrantPermissions":true,"appium:platformName":"ANDROID","appium:ignoreHiddenApiPolicyError":true,"appium:appActivity":".Settings","appium:deviceName":"Genymobile Nexus 6P (Android 13)","platformName":"Android","appium:appPackage":"com.android.settings"},"capabilities":{"firstMatch":[{"appium:appActivity":".Settings","appium:appPackage":"com.android.settings","appium:appWaitActivity":"*","appium:appWaitForLaunch":false,"appium:autoGrantPermissions":true,"appium:automationName":"uiautomator2","appium:deviceId":"192.168.56.108:5555","appium:deviceName":"Genymobile Nexus 6P (Android 13)","appium:ignoreHiddenApiPolicyError":true,"appium:newCommandTimeout":1800,"appium:platformName":"ANDROID","appium:platformVersion":"1...[39m
[38;5;123m[BaseDriver][0m Ignoring capability 'appium:platformName=ANDROID' and using capability 'platformName=android'
[38;5;123m[BaseDriver][0m The capabilities ["platformName"] are standard capabilities and do not require "appium:" prefix
[38;5;112m[Appium][0m Attempting to find matching driver for automationName 'uiautomator2' and platformName 'android'
[38;5;112m[Appium][0m The 'uiautomator2' driver was installed and matched caps.
[38;5;112m[Appium][0m Will require it at C:\Users\24080102\.appium\node_modules\appium-uiautomator2-driver
[38;5;65m[AppiumDriver@4cc5][0m Appium v2.12.1 creating new AndroidUiautomator2Driver (v3.8.1) session
[38;5;65m[AppiumDriver@4cc5][0m Checking BaseDriver versions for Appium and AndroidUiautomator2Driver
[38;5;65m[AppiumDriver@4cc5][0m Appium's BaseDriver version is 9.12.1
[38;5;65m[AppiumDriver@4cc5][0m AndroidUiautomator2Driver's BaseDriver version is 9.12.1
[38;5;-41m[AndroidUiautomator2Driver@5164][0m The following provided capabilities were not recognized by this driver:
[38;5;-41m[AndroidUiautomator2Driver@5164][0m   deviceId
[38;5;206m[4a4f2dd5][0m[38;5;-41m[AndroidUiautomator2Driver@5164][0m Session created with session id: 4a4f2dd5-8a7a-4c65-a39f-0b8e4f513cb9
[38;5;206m[4a4f2dd5][0m[38;5;229m[ADB][0m Found 1 'build-tools' folders under 'C:\Users\24080102\.katalon\tools\android_sdk' (newest first):
[38;5;206m[4a4f2dd5][0m[38;5;229m[ADB][0m     C:\Users\24080102\.katalon\tools\android_sdk\build-tools\29.0.3
[38;5;206m[4a4f2dd5][0m[38;5;229m[ADB][0m Using 'adb.exe' from 'C:\Users\24080102\.katalon\tools\android_sdk\platform-tools\adb.exe'
[38;5;206m[4a4f2dd5][0m[38;5;-41m[AndroidUiautomator2Driver@5164][0m Retrieving device list
[38;5;206m[4a4f2dd5][0m[38;5;-41m[AndroidUiautomator2Driver@5164][0m Using device: 192.168.56.108:5555
[38;5;206m[4a4f2dd5][0m[38;5;229m[ADB][0m Using 'adb.exe' from 'C:\Users\24080102\.katalon\tools\android_sdk\platform-tools\adb.exe'
[38;5;206m[4a4f2dd5][0m[38;5;-41m[AndroidUiautomator2Driver@5164][0m Starting 'com.android.settings' directly on the device
[38;5;206m[4a4f2dd5][0m[38;5;229m[ADB][0m Getting device platform version
[38;5;206m[4a4f2dd5][0m[38;5;-41m[AndroidUiautomator2Driver@5164][0m Relaxing hidden api policy
[38;5;206m[4a4f2dd5][0m[38;5;-41m[AndroidUiautomator2Driver@5164][0m No app sent in, not parsing package/activity
[38;5;206m[4a4f2dd5][0m[38;5;229m[ADB][0m Using 'aapt2.exe' from 'C:\Users\24080102\.katalon\tools\android_sdk\build-tools\29.0.3\aapt2.exe'
[38;5;206m[4a4f2dd5][0m[38;5;-41m[AndroidUiautomator2Driver@5164][0m Server packages are not going to be (re)installed
[38;5;206m[4a4f2dd5][0m[38;5;229m[ADB][0m Adding packages ["io.appium.settings","io.appium.uiautomator2.server","io.appium.uiautomator2.server.test"] to Doze whitelist
[38;5;206m[4a4f2dd5][0m[38;5;-41m[AndroidUiautomator2Driver@5164][0m Starting UIAutomator2 server 7.1.1
[38;5;206m[4a4f2dd5][0m[38;5;-41m[AndroidUiautomator2Driver@5164][0m Using UIAutomator2 server from 'C:\Users\24080102\.appium\node_modules\appium-uiautomator2-driver\node_modules\appium-uiautomator2-server\apks\appium-uiautomator2-server-v7.1.1.apk' and test from 'C:\Users\24080102\.appium\node_modules\appium-uiautomator2-driver\node_modules\appium-uiautomator2-server\apks\appium-uiautomator2-server-debug-androidTest.apk'
[38;5;206m[4a4f2dd5][0m[38;5;-41m[AndroidUiautomator2Driver@5164][0m Waiting up to 30000ms for UiAutomator2 to be online...
[38;5;206m[4a4f2dd5][0m[38;5;-41m[AndroidUiautomator2Driver@5164][0m socket hang up
[38;5;206m[4a4f2dd5][0m[38;5;-41m[AndroidUiautomator2Driver@5164][0m socket hang up
[38;5;206m[4a4f2dd5][0m[38;5;-41m[AndroidUiautomator2Driver@5164][0m socket hang up
[38;5;206m[4a4f2dd5][0m[38;5;-41m[AndroidUiautomator2Driver@5164][0m Determined the downstream protocol as 'W3C'
[38;5;206m[4a4f2dd5][0m[38;5;-41m[AndroidUiautomator2Driver@5164][0m Screen already unlocked, doing nothing
[38;5;206m[4a4f2dd5][0m[38;5;-41m[AndroidUiautomator2Driver@5164][0m Starting 'com.android.settings/.Settings and waiting for 'com.android.settings/*'
[38;5;206m[4a4f2dd5][0m[38;5;65m[AppiumDriver@4cc5][0m New AndroidUiautomator2Driver session created successfully, session 4a4f2dd5-8a7a-4c65-a39f-0b8e4f513cb9 added to master session list
[38;5;206m[4a4f2dd5][0m[38;5;86m[HTTP][0m [37m<-- POST /wd/hub/session [39m[32m200[39m [90m9886 ms - 1351[39m [90m[39m
[38;5;206m[4a4f2dd5][0m[38;5;86m[HTTP][0m [37m-->[39m [37mGET[39m [37m/wd/hub/session/4a4f2dd5-8a7a-4c65-a39f-0b8e4f513cb9[39m [90m{}[39m
[38;5;206m[4a4f2dd5][0m[38;5;86m[HTTP][0m [37m<-- GET /wd/hub/session/4a4f2dd5-8a7a-4c65-a39f-0b8e4f513cb9 [39m[32m200[39m [90m20 ms - 437[39m [90m[39m
[38;5;206m[4a4f2dd5][0m[38;5;86m[HTTP][0m [37m-->[39m [37mGET[39m [37m/wd/hub/session/4a4f2dd5-8a7a-4c65-a39f-0b8e4f513cb9[39m [90m{}[39m
[38;5;206m[4a4f2dd5][0m[38;5;86m[HTTP][0m [37m<-- GET /wd/hub/session/4a4f2dd5-8a7a-4c65-a39f-0b8e4f513cb9 [39m[32m200[39m [90m29 ms - 437[39m [90m[39m
[38;5;86m[HTTP][0m [37m-->[39m [37mGET[39m [37m/wd/hub/status[39m [90m{}[39m
[38;5;86m[HTTP][0m [37m<-- GET /wd/hub/status [39m[32m200[39m [90m1 ms - 111[39m [90m[39m
[38;5;206m[4a4f2dd5][0m[38;5;86m[HTTP][0m [37m-->[39m [37mPOST[39m [37m/wd/hub/session/4a4f2dd5-8a7a-4c65-a39f-0b8e4f513cb9/timeouts[39m [90m{"implicit":60000}[39m
[38;5;206m[4a4f2dd5][0m[38;5;86m[HTTP][0m [37m<-- POST /wd/hub/session/4a4f2dd5-8a7a-4c65-a39f-0b8e4f513cb9/timeouts [39m[32m200[39m [90m2 ms - 14[39m [90m[39m
[38;5;206m[4a4f2dd5][0m[38;5;86m[HTTP][0m [37m-->[39m [37mGET[39m [37m/wd/hub/session/4a4f2dd5-8a7a-4c65-a39f-0b8e4f513cb9/appium/device/system_bars[39m [90m{}[39m
[38;5;206m[4a4f2dd5][0m[38;5;86m[HTTP][0m [37m<-- GET /wd/hub/session/4a4f2dd5-8a7a-4c65-a39f-0b8e4f513cb9/appium/device/system_bars [39m[32m200[39m [90m642 ms - 151[39m [90m[39m
[38;5;206m[4a4f2dd5][0m[38;5;86m[HTTP][0m [37m-->[39m [37mPOST[39m [37m/wd/hub/session/4a4f2dd5-8a7a-4c65-a39f-0b8e4f513cb9/appium/device/activate_app[39m [90m{"bundleId":"com.swaglabsmobileapp"}[39m
[38;5;206m[4a4f2dd5][0m[38;5;86m[HTTP][0m [37m<-- POST /wd/hub/session/4a4f2dd5-8a7a-4c65-a39f-0b8e4f513cb9/appium/device/activate_app [39m[32m200[39m [90m714 ms - 14[39m [90m[39m
[38;5;206m[4a4f2dd5][0m[38;5;86m[HTTP][0m [37m-->[39m [37mGET[39m [37m/wd/hub/session/4a4f2dd5-8a7a-4c65-a39f-0b8e4f513cb9/source[39m [90m{}[39m
[38;5;206m[4a4f2dd5][0m[38;5;-41m[AndroidUiautomator2Driver@5164][0m Driver proxy active, passing request on via HTTP proxy
[38;5;206m[4a4f2dd5][0m[38;5;-41m[AndroidUiautomator2Driver@5164][0m Replacing sessionId 530cc679-09c1-43e3-aacd-790d956fd06e with 4a4f2dd5-8a7a-4c65-a39f-0b8e4f513cb9
[38;5;206m[4a4f2dd5][0m[38;5;86m[HTTP][0m [37m<-- GET /wd/hub/session/4a4f2dd5-8a7a-4c65-a39f-0b8e4f513cb9/source [39m[32m200[39m [90m1181 ms - 38329[39m [90m[39m
[38;5;206m[4a4f2dd5][0m[38;5;86m[HTTP][0m [37m-->[39m [37mGET[39m [37m/wd/hub/session/4a4f2dd5-8a7a-4c65-a39f-0b8e4f513cb9/screenshot[39m [90m{}[39m
[38;5;206m[4a4f2dd5][0m[38;5;86m[HTTP][0m [37m<-- GET /wd/hub/session/4a4f2dd5-8a7a-4c65-a39f-0b8e4f513cb9/screenshot [39m[32m200[39m [90m690 ms - 142480[39m [90m[39m
[38;5;206m[4a4f2dd5][0m[38;5;86m[HTTP][0m [37m-->[39m [37mDELETE[39m [37m/wd/hub/session/4a4f2dd5-8a7a-4c65-a39f-0b8e4f513cb9[39m [90m{}[39m
[38;5;206m[4a4f2dd5][0m[38;5;65m[AppiumDriver@4cc5][0m Removing session 4a4f2dd5-8a7a-4c65-a39f-0b8e4f513cb9 from our master session list
[38;5;206m[4a4f2dd5][0m[38;5;-41m[AndroidUiautomator2Driver@5164][0m Restoring hidden api policy to the device default configuration
[38;5;206m[4a4f2dd5][0m[38;5;86m[HTTP][0m [37m<-- DELETE /wd/hub/session/4a4f2dd5-8a7a-4c65-a39f-0b8e4f513cb9 [39m[32m200[39m [90m813 ms - 14[39m [90m[39m
